# JRE version: OpenJDK Runtime Environment 18.9 (11.0.11+9) (build 11.0.11+9)
# Java VM: OpenJDK 64-Bit Server VM 18.9 (11.0.11+9, mixed mode, tiered, compressed oops, g1 gc, windows-amd64)
Heap:
 garbage-first heap   total 324608K, used 210520K [0x0000000740000000, 0x0000000800000000)
  region size 1024K, 21 young (21504K), 1 survivors (1024K)
 Metaspace       used 113064K, capacity 114733K, committed 116816K, reserved 1150976K
  class space    used 13792K, capacity 14457K, committed 15360K, reserved 1048576K
GC Heap History (20 events):
Event: 33778.119 GC heap before
{Heap before GC invocations=2659 (full 492):
 garbage-first heap   total 322560K, used 251827K [0x0000000740000000, 0x0000000800000000)
  region size 1024K, 60 young (61440K), 1 survivors (1024K)
 Metaspace       used 113058K, capacity 114733K, committed 116816K, reserved 1150976K
  class space    used 13792K, capacity 14457K, committed 15360K, reserved 1048576K
}
Event: 33778.121 GC heap after
{Heap after GC invocations=2660 (full 492):
 garbage-first heap   total 322560K, used 191381K [0x0000000740000000, 0x0000000800000000)
  region size 1024K, 1 young (1024K), 1 survivors (1024K)
 Metaspace       used 113058K, capacity 114733K, committed 116816K, reserved 1150976K
  class space    used 13792K, capacity 14457K, committed 15360K, reserved 1048576K
}
Event: 33786.499 GC heap before
{Heap before GC invocations=2660 (full 492):
 garbage-first heap   total 322560K, used 251797K [0x0000000740000000, 0x0000000800000000)
  region size 1024K, 60 young (61440K), 1 survivors (1024K)
 Metaspace       used 113058K, capacity 114733K, committed 116816K, reserved 1150976K
  class space    used 13792K, capacity 14457K, committed 15360K, reserved 1048576K
}
Event: 33786.504 GC heap after
{Heap after GC invocations=2661 (full 492):
 garbage-first heap   total 322560K, used 191419K [0x0000000740000000, 0x0000000800000000)
  region size 1024K, 1 young (1024K), 1 survivors (1024K)
 Metaspace       used 113058K, capacity 114733K, committed 116816K, reserved 1150976K
  class space    used 13792K, capacity 14457K, committed 15360K, reserved 1048576K
}
Event: 33794.163 GC heap before
{Heap before GC invocations=2662 (full 492):
 garbage-first heap   total 322560K, used 218043K [0x0000000740000000, 0x0000000800000000)
  region size 1024K, 29 young (29696K), 1 survivors (1024K)
 Metaspace       used 113058K, capacity 114733K, committed 116816K, reserved 1150976K
  class space    used 13792K, capacity 14457K, committed 15360K, reserved 1048576K
}
Event: 33794.167 GC heap after
{Heap after GC invocations=2663 (full 492):
 garbage-first heap   total 322560K, used 190444K [0x0000000740000000, 0x0000000800000000)
  region size 1024K, 1 young (1024K), 1 survivors (1024K)
 Metaspace       used 113058K, capacity 114733K, committed 116816K, reserved 1150976K
  class space    used 13792K, capacity 14457K, committed 15360K, reserved 1048576K
}
Event: 33794.181 GC heap before
{Heap before GC invocations=2663 (full 492):
 garbage-first heap   total 322560K, used 191468K [0x0000000740000000, 0x0000000800000000)
  region size 1024K, 2 young (2048K), 1 survivors (1024K)
 Metaspace       used 113058K, capacity 114733K, committed 116816K, reserved 1150976K
  class space    used 13792K, capacity 14457K, committed 15360K, reserved 1048576K
}
Event: 33794.320 GC heap after
{Heap after GC invocations=2664 (full 493):
 garbage-first heap   total 322560K, used 189773K [0x0000000740000000, 0x0000000800000000)
  region size 1024K, 0 young (0K), 0 survivors (0K)
 Metaspace       used 113058K, capacity 114733K, committed 116816K, reserved 1150976K
  class space    used 13792K, capacity 14457K, committed 15360K, reserved 1048576K
}
Event: 33796.942 GC heap before
{Heap before GC invocations=2664 (full 493):
 garbage-first heap   total 322560K, used 193869K [0x0000000740000000, 0x0000000800000000)
  region size 1024K, 5 young (5120K), 0 survivors (0K)
 Metaspace       used 113058K, capacity 114733K, committed 116816K, reserved 1150976K
  class space    used 13792K, capacity 14457K, committed 15360K, reserved 1048576K
}
Event: 33796.945 GC heap after
{Heap after GC invocations=2665 (full 493):
 garbage-first heap   total 322560K, used 189866K [0x0000000740000000, 0x0000000800000000)
  region size 1024K, 1 young (1024K), 1 survivors (1024K)
 Metaspace       used 113058K, capacity 114733K, committed 116816K, reserved 1150976K
  class space    used 13792K, capacity 14457K, committed 15360K, reserved 1048576K
}
Event: 33802.596 GC heap before
{Heap before GC invocations=2666 (full 493):
 garbage-first heap   total 322560K, used 248234K [0x0000000740000000, 0x0000000800000000)
  region size 1024K, 58 young (59392K), 1 survivors (1024K)
 Metaspace       used 113058K, capacity 114733K, committed 116816K, reserved 1150976K
  class space    used 13792K, capacity 14457K, committed 15360K, reserved 1048576K
}
Event: 33802.737 GC heap after
{Heap after GC invocations=2667 (full 494):
 garbage-first heap   total 324608K, used 190138K [0x0000000740000000, 0x0000000800000000)
  region size 1024K, 0 young (0K), 0 survivors (0K)
 Metaspace       used 113058K, capacity 114733K, committed 116816K, reserved 1150976K
  class space    used 13792K, capacity 14457K, committed 15360K, reserved 1048576K
}
Event: 33830.365 GC heap before
{Heap before GC invocations=2667 (full 494):
 garbage-first heap   total 324608K, used 251578K [0x0000000740000000, 0x0000000800000000)
  region size 1024K, 60 young (61440K), 0 survivors (0K)
 Metaspace       used 113058K, capacity 114733K, committed 116816K, reserved 1150976K
  class space    used 13792K, capacity 14457K, committed 15360K, reserved 1048576K
}
Event: 33830.368 GC heap after
{Heap after GC invocations=2668 (full 494):
 garbage-first heap   total 324608K, used 190568K [0x0000000740000000, 0x0000000800000000)
  region size 1024K, 1 young (1024K), 1 survivors (1024K)
 Metaspace       used 113058K, capacity 114733K, committed 116816K, reserved 1150976K
  class space    used 13792K, capacity 14457K, committed 15360K, reserved 1048576K
}
Event: 33835.253 GC heap before
{Heap before GC invocations=2669 (full 494):
 garbage-first heap   total 324608K, used 250984K [0x0000000740000000, 0x0000000800000000)
  region size 1024K, 60 young (61440K), 1 survivors (1024K)
 Metaspace       used 113058K, capacity 114733K, committed 116816K, reserved 1150976K
  class space    used 13792K, capacity 14457K, committed 15360K, reserved 1048576K
}
Event: 33835.261 GC heap after
{Heap after GC invocations=2670 (full 494):
 garbage-first heap   total 324608K, used 190816K [0x0000000740000000, 0x0000000800000000)
  region size 1024K, 1 young (1024K), 1 survivors (1024K)
 Metaspace       used 113058K, capacity 114733K, committed 116816K, reserved 1150976K
  class space    used 13792K, capacity 14457K, committed 15360K, reserved 1048576K
}
Event: 33840.310 GC heap before
{Heap before GC invocations=2670 (full 494):
 garbage-first heap   total 324608K, used 250208K [0x0000000740000000, 0x0000000800000000)
  region size 1024K, 60 young (61440K), 1 survivors (1024K)
 Metaspace       used 113060K, capacity 114733K, committed 116816K, reserved 1150976K
  class space    used 13792K, capacity 14457K, committed 15360K, reserved 1048576K
}
Event: 33840.314 GC heap after
{Heap after GC invocations=2671 (full 494):
 garbage-first heap   total 324608K, used 190943K [0x0000000740000000, 0x0000000800000000)
  region size 1024K, 1 young (1024K), 1 survivors (1024K)
 Metaspace       used 113060K, capacity 114733K, committed 116816K, reserved 1150976K
  class space    used 13792K, capacity 14457K, committed 15360K, reserved 1048576K
}
Event: 33846.012 GC heap before
{Heap before GC invocations=2672 (full 494):
 garbage-first heap   total 324608K, used 251352K [0x0000000740000000, 0x0000000800000000)
  region size 1024K, 60 young (61440K), 1 survivors (1024K)
 Metaspace       used 113064K, capacity 114733K, committed 116816K, reserved 1150976K
  class space    used 13792K, capacity 14457K, committed 15360K, reserved 1048576K
}
Event: 33846.016 GC heap after
{Heap after GC invocations=2673 (full 494):
 garbage-first heap   total 324608K, used 191064K [0x0000000740000000, 0x0000000800000000)
  region size 1024K, 1 young (1024K), 1 survivors (1024K)
 Metaspace       used 113064K, capacity 114733K, committed 116816K, reserved 1150976K
  class space    used 13792K, capacity 14457K, committed 15360K, reserved 1048576K
}

